<?xml version="1.0" encoding="UTF-8"?>
<!-- Generated by org.testng.reporters.JUnitReportReporter -->
<testsuite skipped="0" hostname="krish" name="testngdataprovider.t1" tests="3" failures="0" timestamp="2023-07-25T21:34:00 IST" time="22.637" errors="0">
  <testcase name="DataProvSampleTest" time="9.727" classname="testngdataprovider.t1"/>
  <system-out/>
  <testcase name="DataProvSampleTest" time="6.375" classname="testngdataprovider.t1"/>
  <system-out/>
  <testcase name="DataProvSampleTest" time="6.535" classname="testngdataprovider.t1"/>
  <system-out/>
</testsuite> <!-- testngdataprovider.t1 -->
