<?xml version="1.0" encoding="UTF-8"?>
<!-- Generated by org.testng.reporters.JUnitReportReporter -->
<testsuite skipped="0" hostname="krish" name="testngassertion.a1" tests="1" failures="0" timestamp="2023-07-23T11:55:40 IST" time="4.751" errors="0">
  <testcase name="hd" time="4.751" classname="testngassertion.a1"/>
  <system-out/>
</testsuite> <!-- testngassertion.a1 -->
