<?xml version="1.0" encoding="UTF-8"?>
<!-- Generated by org.testng.reporters.JUnitReportReporter -->
<testsuite skipped="0" hostname="krish" name="testngwaits.sw" tests="1" failures="0" timestamp="2023-07-23T12:19:59 IST" time="3.851" errors="0">
  <testcase name="hd" time="3.851" classname="testngwaits.sw"/>
  <system-out/>
</testsuite> <!-- testngwaits.sw -->
