<?xml version="1.0" encoding="UTF-8"?>
<!-- Generated by org.testng.reporters.JUnitReportReporter -->
<testsuite skipped="0" hostname="krish" name="testngdependency.real" tests="8" failures="0" timestamp="2023-07-10T21:13:35 IST" time="9.156" errors="0">
  <testcase name="v2" time="3.480" classname="testngdependency.real"/>
  <system-out/>
  <testcase name="mxc" time="0.135" classname="testngdependency.real"/>
  <system-out/>
  <testcase name="ref" time="1.247" classname="testngdependency.real"/>
  <system-out/>
  <testcase name="ref" time="0.013" classname="testngdependency.real"/>
  <system-out/>
  <testcase name="ref" time="0.019" classname="testngdependency.real"/>
  <system-out/>
  <testcase name="gettitle" time="0.544" classname="testngdependency.real"/>
  <system-out/>
  <testcase name="clicking" time="1.028" classname="testngdependency.real"/>
  <system-out/>
  <testcase name="closing" time="2.690" classname="testngdependency.real"/>
  <system-out/>
</testsuite> <!-- testngdependency.real -->
